-------------------------------------------------------------------------------
Test set: com.test.runner.TestRunner
-------------------------------------------------------------------------------
Tests run: 1, Failures: 1, Errors: 0, Skipped: 0, Time elapsed: 53.682 s <<< FAILURE! - in com.test.runner.TestRunner
null on com.test.runner.TestRunner(com.test.runner.TestRunner)  Time elapsed: 52.666 s  <<< FAILURE!
java.lang.RuntimeException: Report generation failure
Caused by: java.io.FileNotFoundException: target\site\serenity\SERENITY-JUNIT-5c2843692ac15c0cfbfc2171a04f074fa617ae475017327d73be954fe3779e91.xml4611ef20-71df-4769-a1e0-42f85317ffa7 (The system cannot find the file specified)

