<?xml version="1.0" encoding="UTF-8"?>
<testsuite xmlns:xsi="http://www.w3.org/2001/XMLSchema-instance" xsi:noNamespaceSchemaLocation="https://maven.apache.org/surefire/maven-surefire-plugin/xsd/surefire-test-report.xsd" name="com.test.runner.TestRunner" time="53.682" tests="1" errors="0" skipped="0" failures="1">
  <properties>
[...]
</properties>
  <testcase name="null on com.test.runner.TestRunner" classname="com.test.runner.TestRunner" time="52.666">
    <failure message="Report generation failure" type="java.lang.RuntimeException">java.lang.RuntimeException: Report generation failure
Caused by: java.io.FileNotFoundException: target\site\serenity\SERENITY-JUNIT-5c2843692ac15c0cfbfc2171a04f074fa617ae475017327d73be954fe3779e91.xml4611ef20-71df-4769-a1e0-42f85317ffa7 (The system cannot find the file specified)
</failure>
    <system-out><![CDATA[chrome
Inside Search Box Check
Number of times the GUM TREE Text displayed in First page is : 11
Gum tree elements:1

 : Actual Header Getting Displayed: 
chrome-headless
Inside Search Box Check
Number of times the GUM TREE Text displayed in First page is : 11
Gum tree elements:1
Pardon Our Interruption
 : Actual Header Getting Displayed: Pardon Our Interruption
]]></system-out>
    <system-err><![CDATA[log4j:WARN No appenders could be found for logger (net.serenitybdd.core.Serenity).
log4j:WARN Please initialize the log4j system properly.
log4j:WARN See http://logging.apache.org/log4j/1.2/faq.html#noconfig for more info.
Starting ChromeDriver 79.0.3945.36 (3582db32b33893869b8c1339e8f4d9ed1816f143-refs/branch-heads/3945@{#614}) on port 25542
Only local connections are allowed.
Please protect ports used by ChromeDriver and related test frameworks to prevent access by malicious code.
Dec 30, 2019 12:36:36 PM org.openqa.selenium.remote.ProtocolHandshake createSession
INFO: Detected dialect: W3C
Starting ChromeDriver 79.0.3945.36 (3582db32b33893869b8c1339e8f4d9ed1816f143-refs/branch-heads/3945@{#614}) on port 13901
Only local connections are allowed.
Please protect ports used by ChromeDriver and related test frameworks to prevent access by malicious code.
Dec 30, 2019 12:36:54 PM org.openqa.selenium.remote.ProtocolHandshake createSession
INFO: Detected dialect: W3C
]]></system-err>
  </testcase>
</testsuite>