<?xml version="1.0" encoding="UTF-8"?>
<testng-results skipped="0" failed="0" ignored="0" total="0" passed="0">
  <reporter-output>
  </reporter-output>
  <suite name="Surefire suite" duration-ms="163080" started-at="2019-12-24T15:04:55 GMT" finished-at="2019-12-24T15:07:38 GMT">
    <groups>
    </groups>
    <test name="Surefire test" duration-ms="163080" started-at="2019-12-24T15:04:55 GMT" finished-at="2019-12-24T15:07:38 GMT">
    </test> <!-- Surefire test -->
  </suite> <!-- Surefire suite -->
</testng-results>
